<?xml version="1.0" encoding="UTF-8"?>
<!-- Generated by org.testng.reporters.JUnitReportReporter -->
<testsuite hostname="DESKTOP-QUMN5RU" name="com.TestNG.NewToursApplication_LogInTest" tests="1" failures="0" timestamp="2 Dec 2017 04:59:30 GMT" time="3.217" errors="0">
  <testcase name="LogIn" time="3.217" classname="com.TestNG.NewToursApplication_LogInTest"/>
</testsuite> <!-- com.TestNG.NewToursApplication_LogInTest -->
