<?xml version="1.0" encoding="UTF-8"?>
<!-- Generated by org.testng.reporters.JUnitReportReporter -->
<testsuite hostname="DESKTOP-QUMN5RU" name="com.TestNG.Annotations" tests="2" failures="0" timestamp="28 Nov 2017 23:58:57 GMT" time="0.040" errors="0">
  <testcase name="SignIn" time="0.003" classname="com.TestNG.Annotations"/>
  <testcase name="BrowserLaunch" time="0.037" classname="com.TestNG.Annotations"/>
</testsuite> <!-- com.TestNG.Annotations -->
