<?xml version="1.0" encoding="UTF-8"?>
<!-- Generated by org.testng.reporters.JUnitReportReporter -->
<testsuite hostname="DESKTOP-QUMN5RU" name="com.TestNG.NewTours_UserRegistration" tests="2" failures="0" timestamp="29 Nov 2017 13:20:05 GMT" time="3.228" errors="0">
  <testcase name="Registration" time="0.566" classname="com.TestNG.NewTours_UserRegistration"/>
  <testcase name="NewUserRegistration" time="2.662" classname="com.TestNG.NewTours_UserRegistration"/>
</testsuite> <!-- com.TestNG.NewTours_UserRegistration -->
