<?xml version="1.0" encoding="UTF-8"?>
<!-- Generated by org.testng.reporters.JUnitReportReporter -->
<testsuite hostname="DESKTOP-QUMN5RU" name="com.TestNG.NewTours_NewUserRegistration_Data_Driven_Excel" tests="2" failures="0" timestamp="2 Dec 2017 04:59:30 GMT" time="9.593" errors="0">
  <testcase name="NewUserRegistration" time="9.230" classname="com.TestNG.NewTours_NewUserRegistration_Data_Driven_Excel"/>
  <testcase name="Register" time="0.363" classname="com.TestNG.NewTours_NewUserRegistration_Data_Driven_Excel"/>
</testsuite> <!-- com.TestNG.NewTours_NewUserRegistration_Data_Driven_Excel -->
